<?xml version="1.0" encoding="UTF-8"?>
<!-- Generated by org.testng.reporters.JUnitXMLReporter -->
<testsuite hostname="Zeeshan" ignored="0" name="Visitor Mortering System" tests="5" failures="0" timestamp="16 May 2020 13:13:52 GMT" time="138.207" errors="0">
  <testcase name="addVisitor" time="6.426" classname="com.pro.testcases.AddNewvisitor"/>
  <testcase name="clickmanagePendingVisitor" time="5.924" classname="com.pro.testcases.ManagePendingvisitor"/>
  <testcase name="manageConfirmVisitor" time="3.892" classname="com.pro.testcases.ManageConfirmvisitor"/>
  <testcase name="Report" time="3.482" classname="com.pro.testcases.DatewiseReport"/>
  <testcase name="searchVisitor" time="4.839" classname="com.pro.testcases.SearchVisitor"/>
</testsuite> <!-- Visitor Mortering System -->
